<?xml version="1.0" encoding="UTF-8"?>
<coverage generated="1673897542004" clover="3.2.0">
  <project timestamp="1673897542004" name="All files">
    <metrics statements="136" coveredstatements="130" conditionals="17" coveredconditionals="10" methods="6" coveredmethods="6" elements="159" coveredelements="146" complexity="0" loc="136" ncloc="136" packages="2" files="3" classes="3"/>
    <package name="common">
      <metrics statements="52" coveredstatements="49" conditionals="7" coveredconditionals="5" methods="2" coveredmethods="2"/>
      <file name="bulkInsert.js" path="C:\Users\Juan Pablo\OneDrive\Documentos\Software-otros\practicas\aws\aws-lambda-crud-node\src\common\bulkInsert.js">
        <metrics statements="29" coveredstatements="26" conditionals="4" coveredconditionals="3" methods="1" coveredmethods="1"/>
        <line num="1" count="1" type="stmt"/>
        <line num="2" count="1" type="stmt"/>
        <line num="3" count="1" type="stmt"/>
        <line num="4" count="1" type="stmt"/>
        <line num="5" count="1" type="stmt"/>
        <line num="6" count="1" type="stmt"/>
        <line num="7" count="1" type="stmt"/>
        <line num="8" count="1" type="stmt"/>
        <line num="9" count="1" type="stmt"/>
        <line num="10" count="1" type="stmt"/>
        <line num="11" count="1" type="cond" truecount="1" falsecount="0"/>
        <line num="12" count="1" type="stmt"/>
        <line num="13" count="1" type="stmt"/>
        <line num="14" count="1" type="stmt"/>
        <line num="15" count="1" type="stmt"/>
        <line num="16" count="1" type="cond" truecount="1" falsecount="0"/>
        <line num="17" count="4" type="stmt"/>
        <line num="18" count="4" type="cond" truecount="1" falsecount="0"/>
        <line num="19" count="4" type="stmt"/>
        <line num="20" count="4" type="stmt"/>
        <line num="21" count="4" type="stmt"/>
        <line num="22" count="4" type="stmt"/>
        <line num="23" count="1" type="cond" truecount="0" falsecount="1"/>
        <line num="24" count="0" type="stmt"/>
        <line num="25" count="0" type="stmt"/>
        <line num="26" count="0" type="stmt"/>
        <line num="27" count="1" type="stmt"/>
        <line num="28" count="1" type="stmt"/>
        <line num="29" count="1" type="stmt"/>
      </file>
      <file name="truncateTable.js" path="C:\Users\Juan Pablo\OneDrive\Documentos\Software-otros\practicas\aws\aws-lambda-crud-node\src\common\truncateTable.js">
        <metrics statements="23" coveredstatements="23" conditionals="3" coveredconditionals="2" methods="1" coveredmethods="1"/>
        <line num="1" count="1" type="stmt"/>
        <line num="2" count="1" type="stmt"/>
        <line num="3" count="1" type="stmt"/>
        <line num="4" count="1" type="stmt"/>
        <line num="5" count="1" type="stmt"/>
        <line num="6" count="1" type="stmt"/>
        <line num="7" count="1" type="stmt"/>
        <line num="8" count="2" type="cond" truecount="1" falsecount="0"/>
        <line num="9" count="2" type="stmt"/>
        <line num="10" count="2" type="stmt"/>
        <line num="11" count="2" type="stmt"/>
        <line num="12" count="2" type="stmt"/>
        <line num="13" count="2" type="stmt"/>
        <line num="14" count="2" type="cond" truecount="1" falsecount="0"/>
        <line num="15" count="100" type="stmt"/>
        <line num="16" count="100" type="stmt"/>
        <line num="17" count="100" type="stmt"/>
        <line num="18" count="100" type="cond" truecount="0" falsecount="1"/>
        <line num="19" count="2" type="stmt"/>
        <line num="20" count="2" type="stmt"/>
        <line num="21" count="2" type="stmt"/>
        <line num="22" count="1" type="stmt"/>
        <line num="23" count="1" type="stmt"/>
      </file>
    </package>
    <package name="task">
      <metrics statements="84" coveredstatements="81" conditionals="10" coveredconditionals="5" methods="4" coveredmethods="4"/>
      <file name="taskListClass.js" path="C:\Users\Juan Pablo\OneDrive\Documentos\Software-otros\practicas\aws\aws-lambda-crud-node\src\task\taskListClass.js">
        <metrics statements="84" coveredstatements="81" conditionals="10" coveredconditionals="5" methods="4" coveredmethods="4"/>
        <line num="1" count="1" type="stmt"/>
        <line num="2" count="1" type="stmt"/>
        <line num="3" count="1" type="stmt"/>
        <line num="4" count="1" type="stmt"/>
        <line num="5" count="1" type="stmt"/>
        <line num="6" count="1" type="stmt"/>
        <line num="7" count="1" type="cond" truecount="1" falsecount="0"/>
        <line num="8" count="1" type="stmt"/>
        <line num="9" count="1" type="stmt"/>
        <line num="10" count="1" type="stmt"/>
        <line num="11" count="1" type="stmt"/>
        <line num="12" count="1" type="cond" truecount="1" falsecount="0"/>
        <line num="13" count="1" type="stmt"/>
        <line num="14" count="1" type="stmt"/>
        <line num="15" count="1" type="stmt"/>
        <line num="16" count="1" type="stmt"/>
        <line num="17" count="1" type="stmt"/>
        <line num="18" count="1" type="stmt"/>
        <line num="19" count="1" type="stmt"/>
        <line num="20" count="1" type="stmt"/>
        <line num="21" count="1" type="stmt"/>
        <line num="22" count="1" type="stmt"/>
        <line num="23" count="1" type="stmt"/>
        <line num="24" count="1" type="stmt"/>
        <line num="25" count="1" type="cond" truecount="1" falsecount="0"/>
        <line num="26" count="1" type="stmt"/>
        <line num="27" count="1" type="stmt"/>
        <line num="28" count="1" type="stmt"/>
        <line num="29" count="1" type="cond" truecount="0" falsecount="1"/>
        <line num="30" count="0" type="stmt"/>
        <line num="31" count="0" type="stmt"/>
        <line num="32" count="0" type="stmt"/>
        <line num="33" count="1" type="stmt"/>
        <line num="34" count="1" type="stmt"/>
        <line num="35" count="1" type="stmt"/>
        <line num="36" count="1" type="stmt"/>
        <line num="37" count="1" type="stmt"/>
        <line num="38" count="1" type="stmt"/>
        <line num="39" count="1" type="stmt"/>
        <line num="40" count="1" type="stmt"/>
        <line num="41" count="1" type="stmt"/>
        <line num="42" count="1" type="stmt"/>
        <line num="43" count="1" type="stmt"/>
        <line num="44" count="1" type="stmt"/>
        <line num="45" count="1" type="stmt"/>
        <line num="46" count="1" type="stmt"/>
        <line num="47" count="1" type="stmt"/>
        <line num="48" count="1" type="cond" truecount="0" falsecount="1"/>
        <line num="49" count="1" type="cond" truecount="0" falsecount="1"/>
        <line num="50" count="1" type="stmt"/>
        <line num="51" count="1" type="stmt"/>
        <line num="52" count="1" type="stmt"/>
        <line num="53" count="1" type="stmt"/>
        <line num="54" count="1" type="stmt"/>
        <line num="55" count="1" type="stmt"/>
        <line num="56" count="1" type="stmt"/>
        <line num="57" count="1" type="stmt"/>
        <line num="58" count="1" type="stmt"/>
        <line num="59" count="1" type="stmt"/>
        <line num="60" count="1" type="stmt"/>
        <line num="61" count="1" type="stmt"/>
        <line num="62" count="1" type="stmt"/>
        <line num="63" count="1" type="stmt"/>
        <line num="64" count="1" type="stmt"/>
        <line num="65" count="1" type="stmt"/>
        <line num="66" count="1" type="stmt"/>
        <line num="67" count="1" type="cond" truecount="1" falsecount="0"/>
        <line num="68" count="1" type="stmt"/>
        <line num="69" count="1" type="cond" truecount="0" falsecount="1"/>
        <line num="70" count="1" type="stmt"/>
        <line num="71" count="1" type="cond" truecount="1" falsecount="0"/>
        <line num="72" count="1" type="stmt"/>
        <line num="73" count="1" type="stmt"/>
        <line num="74" count="1" type="cond" truecount="0" falsecount="1"/>
        <line num="75" count="1" type="stmt"/>
        <line num="76" count="1" type="stmt"/>
        <line num="77" count="1" type="stmt"/>
        <line num="78" count="1" type="stmt"/>
        <line num="79" count="1" type="stmt"/>
        <line num="80" count="1" type="stmt"/>
        <line num="81" count="1" type="stmt"/>
        <line num="82" count="1" type="stmt"/>
        <line num="83" count="1" type="stmt"/>
        <line num="84" count="1" type="stmt"/>
      </file>
    </package>
  </project>
</coverage>
