TN:
SF:src\common\bulkInsert.js
FN:11,bulkInsert
FNF:1
FNH:1
FNDA:1,bulkInsert
DA:1,1
DA:2,1
DA:3,1
DA:4,1
DA:5,1
DA:6,1
DA:7,1
DA:8,1
DA:9,1
DA:10,1
DA:11,1
DA:12,1
DA:13,1
DA:14,1
DA:15,1
DA:16,1
DA:17,4
DA:18,4
DA:19,4
DA:20,4
DA:21,4
DA:22,4
DA:23,1
DA:24,0
DA:25,0
DA:26,0
DA:27,1
DA:28,1
DA:29,1
LF:29
LH:26
BRDA:11,0,0,1
BRDA:16,1,0,4
BRDA:23,2,0,0
BRDA:18,3,0,100
BRF:4
BRH:3
end_of_record
TN:
SF:src\common\truncateTable.js
FN:8,truncateTable
FNF:1
FNH:1
FNDA:2,truncateTable
DA:1,1
DA:2,1
DA:3,1
DA:4,1
DA:5,1
DA:6,1
DA:7,1
DA:8,2
DA:9,2
DA:10,2
DA:11,2
DA:12,2
DA:13,2
DA:14,2
DA:15,100
DA:16,100
DA:17,100
DA:18,100
DA:19,2
DA:20,2
DA:21,2
DA:22,1
DA:23,1
LF:23
LH:23
BRDA:8,0,0,2
BRDA:14,1,0,100
BRDA:18,2,0,0
BRF:3
BRH:2
end_of_record
TN:
SF:src\task\taskListClass.js
FN:7,<instance_members_initializer>
FN:12,TaskList
FN:25,getTasks
FN:67,buildSearchFilterExpression
FNF:4
FNH:4
FNDA:1,<instance_members_initializer>
FNDA:1,TaskList
FNDA:1,getTasks
FNDA:1,buildSearchFilterExpression
DA:1,1
DA:2,1
DA:3,1
DA:4,1
DA:5,1
DA:6,1
DA:7,1
DA:8,1
DA:9,1
DA:10,1
DA:11,1
DA:12,1
DA:13,1
DA:14,1
DA:15,1
DA:16,1
DA:17,1
DA:18,1
DA:19,1
DA:20,1
DA:21,1
DA:22,1
DA:23,1
DA:24,1
DA:25,1
DA:26,1
DA:27,1
DA:28,1
DA:29,1
DA:30,0
DA:31,0
DA:32,0
DA:33,1
DA:34,1
DA:35,1
DA:36,1
DA:37,1
DA:38,1
DA:39,1
DA:40,1
DA:41,1
DA:42,1
DA:43,1
DA:44,1
DA:45,1
DA:46,1
DA:47,1
DA:48,1
DA:49,1
DA:50,1
DA:51,1
DA:52,1
DA:53,1
DA:54,1
DA:55,1
DA:56,1
DA:57,1
DA:58,1
DA:59,1
DA:60,1
DA:61,1
DA:62,1
DA:63,1
DA:64,1
DA:65,1
DA:66,1
DA:67,1
DA:68,1
DA:69,1
DA:70,1
DA:71,1
DA:72,1
DA:73,1
DA:74,1
DA:75,1
DA:76,1
DA:77,1
DA:78,1
DA:79,1
DA:80,1
DA:81,1
DA:82,1
DA:83,1
DA:84,1
LF:84
LH:81
BRDA:7,0,0,1
BRDA:12,1,0,1
BRDA:25,2,0,1
BRDA:29,3,0,0
BRDA:48,4,0,0
BRDA:49,5,0,0
BRDA:67,6,0,1
BRDA:69,7,0,0
BRDA:71,8,0,1
BRDA:74,9,0,0
BRF:10
BRH:5
end_of_record
